<?xml version="1.0" encoding="UTF-8"?>
<testng-results skipped="0" failed="1" total="4" passed="3">
  <reporter-output>
  </reporter-output>
  <suite name="Forrester Suite" duration-ms="191782" started-at="2017-01-24T11:31:33Z" finished-at="2017-01-24T11:34:45Z">
    <groups>
    </groups>
    <test name="Login Test" duration-ms="107539" started-at="2017-01-24T11:31:33Z" finished-at="2017-01-24T11:33:21Z">
      <class name="com.facebook.testCases.LoginTest">
        <test-method status="PASS" signature="FacebookLogin(java.util.Hashtable)[pri:1, instance:com.facebook.testCases.LoginTest@2d6e8792]" name="FacebookLogin" duration-ms="37904" started-at="2017-01-24T17:01:33Z" data-provider="getData" finished-at="2017-01-24T17:02:11Z">
          <params>
            <param index="0">
              <value>
                <![CDATA[{Username=odpyzdbxxd_1483952209@tfbnw.net, Password=Steve@123#, Runmode=Y, Browser=Mozilla}]]>
              </value>
            </param>
          </params>
          <reporter-output>
          </reporter-output>
        </test-method> <!-- FacebookLogin -->
        <test-method status="PASS" signature="teardown()[pri:0, instance:com.facebook.testCases.LoginTest@2d6e8792]" name="teardown" is-config="true" duration-ms="104" started-at="2017-01-24T17:02:14Z" finished-at="2017-01-24T17:02:14Z">
          <reporter-output>
          </reporter-output>
        </test-method> <!-- teardown -->
        <test-method status="PASS" signature="FacebookLogin(java.util.Hashtable)[pri:1, instance:com.facebook.testCases.LoginTest@2d6e8792]" name="FacebookLogin" duration-ms="66384" started-at="2017-01-24T17:02:14Z" data-provider="getData" finished-at="2017-01-24T17:03:20Z">
          <params>
            <param index="0">
              <value>
                <![CDATA[{Username=vskjvjktoh_1483952214@tfbnw.net, Password=xxxxxxx, Runmode=Y, Browser=Chrome}]]>
              </value>
            </param>
          </params>
          <reporter-output>
          </reporter-output>
        </test-method> <!-- FacebookLogin -->
        <test-method status="PASS" signature="teardown()[pri:0, instance:com.facebook.testCases.LoginTest@2d6e8792]" name="teardown" is-config="true" duration-ms="101" started-at="2017-01-24T17:03:21Z" finished-at="2017-01-24T17:03:21Z">
          <reporter-output>
          </reporter-output>
        </test-method> <!-- teardown -->
      </class> <!-- com.facebook.testCases.LoginTest -->
    </test> <!-- Login Test -->
    <test name="Profile Test" duration-ms="38468" started-at="2017-01-24T11:33:21Z" finished-at="2017-01-24T11:33:59Z">
      <class name="com.facebook.testCases.Profiletest">
        <test-method status="FAIL" signature="profiletest()[pri:2, instance:com.facebook.testCases.Profiletest@564fabc8]" name="profiletest" duration-ms="37979" started-at="2017-01-24T17:03:21Z" finished-at="2017-01-24T17:03:59Z">
          <exception class="java.lang.AssertionError">
            <message>
              <![CDATA[This is an intentional fail]]>
            </message>
            <full-stacktrace>
              <![CDATA[java.lang.AssertionError: This is an intentional fail
	at org.testng.Assert.fail(Assert.java:94)
	at com.facebook.testCases.Profiletest.profiletest(Profiletest.java:30)
	at sun.reflect.NativeMethodAccessorImpl.invoke0(Native Method)
	at sun.reflect.NativeMethodAccessorImpl.invoke(NativeMethodAccessorImpl.java:62)
	at sun.reflect.DelegatingMethodAccessorImpl.invoke(DelegatingMethodAccessorImpl.java:43)
	at java.lang.reflect.Method.invoke(Method.java:497)
	at org.testng.internal.MethodInvocationHelper.invokeMethod(MethodInvocationHelper.java:86)
	at org.testng.internal.Invoker.invokeMethod(Invoker.java:643)
	at org.testng.internal.Invoker.invokeTestMethod(Invoker.java:820)
	at org.testng.internal.Invoker.invokeTestMethods(Invoker.java:1128)
	at org.testng.internal.TestMethodWorker.invokeTestMethods(TestMethodWorker.java:129)
	at org.testng.internal.TestMethodWorker.run(TestMethodWorker.java:112)
	at org.testng.TestRunner.privateRun(TestRunner.java:782)
	at org.testng.TestRunner.run(TestRunner.java:632)
	at org.testng.SuiteRunner.runTest(SuiteRunner.java:366)
	at org.testng.SuiteRunner.runSequentially(SuiteRunner.java:361)
	at org.testng.SuiteRunner.privateRun(SuiteRunner.java:319)
	at org.testng.SuiteRunner.run(SuiteRunner.java:268)
	at org.testng.SuiteRunnerWorker.runSuite(SuiteRunnerWorker.java:52)
	at org.testng.SuiteRunnerWorker.run(SuiteRunnerWorker.java:86)
	at org.testng.TestNG.runSuitesSequentially(TestNG.java:1244)
	at org.testng.TestNG.runSuitesLocally(TestNG.java:1169)
	at org.testng.TestNG.run(TestNG.java:1064)
	at org.testng.remote.RemoteTestNG.run(RemoteTestNG.java:113)
	at org.testng.remote.RemoteTestNG.initAndRun(RemoteTestNG.java:206)
	at org.testng.remote.RemoteTestNG.main(RemoteTestNG.java:177)
]]>
            </full-stacktrace>
          </exception> <!-- java.lang.AssertionError -->
          <reporter-output>
          </reporter-output>
        </test-method> <!-- profiletest -->
        <test-method status="PASS" signature="teardown()[pri:0, instance:com.facebook.testCases.Profiletest@564fabc8]" name="teardown" is-config="true" duration-ms="93" started-at="2017-01-24T17:03:59Z" finished-at="2017-01-24T17:03:59Z">
          <reporter-output>
          </reporter-output>
        </test-method> <!-- teardown -->
      </class> <!-- com.facebook.testCases.Profiletest -->
    </test> <!-- Profile Test -->
    <test name="Logout Test" duration-ms="45758" started-at="2017-01-24T11:33:59Z" finished-at="2017-01-24T11:34:45Z">
      <class name="com.facebook.testCases.LoginTest">
        <test-method status="PASS" signature="setup()[pri:0, instance:com.facebook.testCases.LoginTest@2d6e8792]" name="setup" is-config="true" duration-ms="9" started-at="2017-01-24T17:01:33Z" finished-at="2017-01-24T17:01:33Z">
          <reporter-output>
          </reporter-output>
        </test-method> <!-- setup -->
      </class> <!-- com.facebook.testCases.LoginTest -->
      <class name="com.facebook.testCases.Logouttest">
        <test-method status="PASS" signature="logouttest()[pri:3, instance:com.facebook.testCases.Logouttest@3349e9bb]" name="logouttest" duration-ms="45426" started-at="2017-01-24T17:03:59Z" finished-at="2017-01-24T17:04:45Z">
          <reporter-output>
          </reporter-output>
        </test-method> <!-- logouttest -->
        <test-method status="PASS" signature="teardown()[pri:0, instance:com.facebook.testCases.Logouttest@3349e9bb]" name="teardown" is-config="true" duration-ms="102" started-at="2017-01-24T17:04:45Z" finished-at="2017-01-24T17:04:45Z">
          <reporter-output>
          </reporter-output>
        </test-method> <!-- teardown -->
      </class> <!-- com.facebook.testCases.Logouttest -->
    </test> <!-- Logout Test -->
  </suite> <!-- Forrester Suite -->
</testng-results>
