<html>
<head>
<title>TestNG:  Login</title>
<link href="../testng.css" rel="stylesheet" type="text/css" />
<link href="../my-testng.css" rel="stylesheet" type="text/css" />

<style type="text/css">
.log { display: none;} 
.stack-trace { display: none;} 
</style>
<script type="text/javascript">
<!--
function flip(e) {
  current = e.style.display;
  if (current == 'block') {
    e.style.display = 'none';
    return 0;
  }
  else {
    e.style.display = 'block';
    return 1;
  }
}

function toggleBox(szDivId, elem, msg1, msg2)
{
  var res = -1;  if (document.getElementById) {
    res = flip(document.getElementById(szDivId));
  }
  else if (document.all) {
    // this is the way old msie versions work
    res = flip(document.all[szDivId]);
  }
  if(elem) {
    if(res == 0) elem.innerHTML = msg1; else elem.innerHTML = msg2;
  }

}

function toggleAllBoxes() {
  if (document.getElementsByTagName) {
    d = document.getElementsByTagName('div');
    for (i = 0; i < d.length; i++) {
      if (d[i].className == 'log') {
        flip(d[i]);
      }
    }
  }
}

// -->
</script>

</head>
<body>
<h2 align='center'>Login</h2><table border='1' align="center">
<tr>
<td>Tests passed/Failed/Skipped:</td><td>0/0/2</td>
</tr><tr>
<td>Started on:</td><td>Fri Jan 13 16:09:23 IST 2017</td>
</tr>
<tr><td>Total time:</td><td>0 seconds (7 ms)</td>
</tr><tr>
<td>Included groups:</td><td></td>
</tr><tr>
<td>Excluded groups:</td><td></td>
</tr>
</table><p/>
<small><i>(Hover the method name to see the test class name)</i></small><p/>
<table width='100%' border='1' class='invocation-failed'>
<tr><td colspan='4' align='center'><b>FAILED CONFIGURATIONS</b></td></tr>
<tr><td><b>Test method</b></td>
<td width="30%"><b>Exception</b></td>
<td width="10%"><b>Time (seconds)</b></td>
<td><b>Instance</b></td>
</tr>
<tr>
<td title='com.forrester.testCases.Navigate.beforetest()'><b>beforetest</b><br>Test class: com.forrester.testCases.Navigate</td>
<td><div><pre>org.openqa.selenium.WebDriverException: An unknown server-side error occurred while processing the command. Original error: Could not find a device to launch. You requested &apos;iPhone 6 (9.3) [&apos;, but the available devices were: [&quot;Apple TV 1080p (9.2) [0A033B7E-19B4-4040-B3F0-EBADC79F2B02] (Simulator)&quot;,&quot;Apple Watch - 38mm (2.2) [03060AD9-FF61-4C55-9CDA-CD89404EE30B] (Simulator)&quot;,&quot;Apple Watch - 42mm (2.2) [5B9EDFCE-859B-4F3A-A72C-0EBD9AD1AADF] (Simulator)&quot;,&quot;iPad 2 (8.3) [3FB4AF24-03F6-470D-9139-11DD0C1481FF] (Simulator)&quot;,&quot;iPad Air (8.3) [AB4EB7EC-E3AF-48AB-904F-A45CF0E15506] (Simulator)&quot;,&quot;iPad Retina (8.3) [041CDD35-3D49-4423-94EE-24F7341F9661] (Simulator)&quot;,&quot;iPhone 4s (8.3) [3EA08ABC-68F5-4EC6-9C45-ADFFFF09E0D7] (Simulator)&quot;,&quot;iPhone 5 (8.3) [D54477E3-1DDE-48E0-85C3-87709525505F] (Simulator)&quot;,&quot;iPhone 5s (8.3) [6A9EC291-503C-4231-A1D6-C130C3F7B30C] (Simulator)&quot;,&quot;iPhone 5s (9.1) [56991936-5DED-4464-B929-A7437CC1B950] (Simulator)&quot;,&quot;iPhone 6 (8.3) [CFF51A3A-2A0D-459E-88A7-3B9A32DBC16C] (Simulator)&quot;,&quot;iPhone 6 Plus (8.3) [0230ADE4-4925-4F00-B337-5BA1B0D63A70] (Simulator)&quot;] (WARNING: The server did not provide any stacktrace information)
Command duration or timeout: 3.97 seconds
Build info: version: &apos;2.53.1&apos;, revision: &apos;a36b8b1cd5757287168e54b817830adce9b0158d&apos;, time: &apos;2016-06-30 19:26:09&apos;
System info: host: &apos;PUNsgomes0MFVH7.local&apos;, ip: &apos;192.168.6.37&apos;, os.name: &apos;Mac OS X&apos;, os.arch: &apos;x86_64&apos;, os.version: &apos;10.12.2&apos;, java.version: &apos;1.8.0_60&apos;
Driver info: io.appium.java_client.ios.IOSDriver
	at org.openqa.selenium.remote.ErrorHandler.createThrowable(ErrorHandler.java:206)
	at org.openqa.selenium.remote.ErrorHandler.throwIfResponseFailed(ErrorHandler.java:158)
	at org.openqa.selenium.remote.RemoteWebDriver.execute(RemoteWebDriver.java:678)
	at io.appium.java_client.DefaultGenericMobileDriver.execute(DefaultGenericMobileDriver.java:40)
	at io.appium.java_client.AppiumDriver.execute(AppiumDriver.java:1)
	at io.appium.java_client.ios.IOSDriver.execute(IOSDriver.java:1)
	at org.openqa.selenium.remote.RemoteWebDriver.startSession(RemoteWebDriver.java:249)
	at org.openqa.selenium.remote.RemoteWebDriver.&lt;init&gt;(RemoteWebDriver.java:131)
	at org.openqa.selenium.remote.RemoteWebDriver.&lt;init&gt;(RemoteWebDriver.java:144)
	at io.appium.java_client.DefaultGenericMobileDriver.&lt;init&gt;(DefaultGenericMobileDriver.java:36)
	at io.appium.java_client.AppiumDriver.&lt;init&gt;(AppiumDriver.java:114)
	at io.appium.java_client.AppiumDriver.&lt;init&gt;(AppiumDriver.java:132)
	at io.appium.java_client.ios.IOSDriver.&lt;init&gt;(IOSDriver.java:82)
	at com.forrester.config.MobileAppConfiguration.setupMobileAppConfigForIOS(MobileAppConfiguration.java:100)
	at com.forrester.testCases.Navigate.beforetest(Navigate.java:28)
... Removed 22 stack frames</pre></div><a href='#' onClick='toggleBox("stack-trace925308434", this, "Click to show all stack frames", "Click to hide stack frames")'>Click to show all stack frames</a>
<div class='stack-trace' id='stack-trace925308434'><pre>org.openqa.selenium.WebDriverException: An unknown server-side error occurred while processing the command. Original error: Could not find a device to launch. You requested &apos;iPhone 6 (9.3) [&apos;, but the available devices were: [&quot;Apple TV 1080p (9.2) [0A033B7E-19B4-4040-B3F0-EBADC79F2B02] (Simulator)&quot;,&quot;Apple Watch - 38mm (2.2) [03060AD9-FF61-4C55-9CDA-CD89404EE30B] (Simulator)&quot;,&quot;Apple Watch - 42mm (2.2) [5B9EDFCE-859B-4F3A-A72C-0EBD9AD1AADF] (Simulator)&quot;,&quot;iPad 2 (8.3) [3FB4AF24-03F6-470D-9139-11DD0C1481FF] (Simulator)&quot;,&quot;iPad Air (8.3) [AB4EB7EC-E3AF-48AB-904F-A45CF0E15506] (Simulator)&quot;,&quot;iPad Retina (8.3) [041CDD35-3D49-4423-94EE-24F7341F9661] (Simulator)&quot;,&quot;iPhone 4s (8.3) [3EA08ABC-68F5-4EC6-9C45-ADFFFF09E0D7] (Simulator)&quot;,&quot;iPhone 5 (8.3) [D54477E3-1DDE-48E0-85C3-87709525505F] (Simulator)&quot;,&quot;iPhone 5s (8.3) [6A9EC291-503C-4231-A1D6-C130C3F7B30C] (Simulator)&quot;,&quot;iPhone 5s (9.1) [56991936-5DED-4464-B929-A7437CC1B950] (Simulator)&quot;,&quot;iPhone 6 (8.3) [CFF51A3A-2A0D-459E-88A7-3B9A32DBC16C] (Simulator)&quot;,&quot;iPhone 6 Plus (8.3) [0230ADE4-4925-4F00-B337-5BA1B0D63A70] (Simulator)&quot;] (WARNING: The server did not provide any stacktrace information)
Command duration or timeout: 3.97 seconds
Build info: version: &apos;2.53.1&apos;, revision: &apos;a36b8b1cd5757287168e54b817830adce9b0158d&apos;, time: &apos;2016-06-30 19:26:09&apos;
System info: host: &apos;PUNsgomes0MFVH7.local&apos;, ip: &apos;192.168.6.37&apos;, os.name: &apos;Mac OS X&apos;, os.arch: &apos;x86_64&apos;, os.version: &apos;10.12.2&apos;, java.version: &apos;1.8.0_60&apos;
Driver info: io.appium.java_client.ios.IOSDriver
	at sun.reflect.NativeConstructorAccessorImpl.newInstance0(Native Method)
	at sun.reflect.NativeConstructorAccessorImpl.newInstance(NativeConstructorAccessorImpl.java:62)
	at sun.reflect.DelegatingConstructorAccessorImpl.newInstance(DelegatingConstructorAccessorImpl.java:45)
	at java.lang.reflect.Constructor.newInstance(Constructor.java:422)
	at org.openqa.selenium.remote.ErrorHandler.createThrowable(ErrorHandler.java:206)
	at org.openqa.selenium.remote.ErrorHandler.throwIfResponseFailed(ErrorHandler.java:158)
	at org.openqa.selenium.remote.RemoteWebDriver.execute(RemoteWebDriver.java:678)
	at io.appium.java_client.DefaultGenericMobileDriver.execute(DefaultGenericMobileDriver.java:40)
	at io.appium.java_client.AppiumDriver.execute(AppiumDriver.java:1)
	at io.appium.java_client.ios.IOSDriver.execute(IOSDriver.java:1)
	at org.openqa.selenium.remote.RemoteWebDriver.startSession(RemoteWebDriver.java:249)
	at org.openqa.selenium.remote.RemoteWebDriver.&lt;init&gt;(RemoteWebDriver.java:131)
	at org.openqa.selenium.remote.RemoteWebDriver.&lt;init&gt;(RemoteWebDriver.java:144)
	at io.appium.java_client.DefaultGenericMobileDriver.&lt;init&gt;(DefaultGenericMobileDriver.java:36)
	at io.appium.java_client.AppiumDriver.&lt;init&gt;(AppiumDriver.java:114)
	at io.appium.java_client.AppiumDriver.&lt;init&gt;(AppiumDriver.java:132)
	at io.appium.java_client.ios.IOSDriver.&lt;init&gt;(IOSDriver.java:82)
	at com.forrester.config.MobileAppConfiguration.setupMobileAppConfigForIOS(MobileAppConfiguration.java:100)
	at com.forrester.testCases.Navigate.beforetest(Navigate.java:28)
	at sun.reflect.NativeMethodAccessorImpl.invoke0(Native Method)
	at sun.reflect.NativeMethodAccessorImpl.invoke(NativeMethodAccessorImpl.java:62)
	at sun.reflect.DelegatingMethodAccessorImpl.invoke(DelegatingMethodAccessorImpl.java:43)
	at java.lang.reflect.Method.invoke(Method.java:497)
	at org.testng.internal.MethodInvocationHelper.invokeMethod(MethodInvocationHelper.java:86)
	at org.testng.internal.Invoker.invokeConfigurationMethod(Invoker.java:514)
	at org.testng.internal.Invoker.invokeConfigurations(Invoker.java:215)
	at org.testng.internal.Invoker.invokeConfigurations(Invoker.java:142)
	at org.testng.SuiteRunner.privateRun(SuiteRunner.java:305)
	at org.testng.SuiteRunner.run(SuiteRunner.java:268)
	at org.testng.SuiteRunnerWorker.runSuite(SuiteRunnerWorker.java:52)
	at org.testng.SuiteRunnerWorker.run(SuiteRunnerWorker.java:86)
	at org.testng.TestNG.runSuitesSequentially(TestNG.java:1244)
	at org.testng.TestNG.runSuitesLocally(TestNG.java:1169)
	at org.testng.TestNG.run(TestNG.java:1064)
	at org.testng.remote.RemoteTestNG.run(RemoteTestNG.java:113)
	at org.testng.remote.RemoteTestNG.initAndRun(RemoteTestNG.java:206)
	at org.testng.remote.RemoteTestNG.main(RemoteTestNG.java:177)
</pre></div></td>
<td>0</td>
<td>null</td></tr>
</table><p>
<table width='100%' border='1' class='invocation-skipped'>
<tr><td colspan='4' align='center'><b>SKIPPED TESTS</b></td></tr>
<tr><td><b>Test method</b></td>
<td width="30%"><b>Exception</b></td>
<td width="10%"><b>Time (seconds)</b></td>
<td><b>Instance</b></td>
</tr>
<tr>
<td title='com.forrester.testCases.Login.FacebookLogin()'><b>FacebookLogin</b><br>Test class: com.forrester.testCases.Login<br>Parameters: {Navigate=Runmode}</td>
<td></td>
<td>0</td>
<td>com.forrester.testCases.Login@2ef9b8bc</td></tr>
<tr>
<td title='com.forrester.testCases.Login.FacebookLogin()'><b>FacebookLogin</b><br>Test class: com.forrester.testCases.Login<br>Parameters: {Navigate=Y}</td>
<td></td>
<td>0</td>
<td>com.forrester.testCases.Login@2ef9b8bc</td></tr>
</table><p>
</body>
</html>